0 verbose cli /Users/joelmartinez/.nvm/versions/node/v22.14.0/bin/node /opt/homebrew/lib/node_modules/npm/bin/npm-cli.js
1 info using npm@10.8.3
2 info using node@v22.14.0
3 silly config load:file:/opt/homebrew/lib/node_modules/npm/npmrc
4 silly config load:file:/Users/joelmartinez/Documents/SWE/PromptStrike/frontEndPrototype/.npmrc
5 silly config load:file:/Users/joelmartinez/.npmrc
6 silly config load:file:/opt/homebrew/etc/npmrc
7 verbose title npm exec sv create ./ --template minimal --types jsdoc --add tailwindcss=plugins:none sveltekit-adapter=adapter:static --install npm --no-dir-check
8 verbose argv "exec" "--yes" "--" "sv" "create" "./" "--template" "minimal" "--types" "jsdoc" "--add" "tailwindcss=plugins:none" "sveltekit-adapter=adapter:static" "--install" "npm" "--no-dir-check"
9 verbose logfile logs-max:10 dir:/Users/joelmartinez/Documents/SWE/PromptStrike/frontEndPrototype/.npm-cache/_logs/2026-04-08T06_38_19_748Z-
10 verbose logfile /Users/joelmartinez/Documents/SWE/PromptStrike/frontEndPrototype/.npm-cache/_logs/2026-04-08T06_38_19_748Z-debug-0.log
11 silly logfile done cleaning log files
12 silly packumentCache heap:4345298944 maxSize:1086324736 maxEntrySize:543162368
13 http fetch GET 200 https://registry.npmjs.org/sv 319ms (cache revalidated)
14 silly packumentCache heap:4345298944 maxSize:1086324736 maxEntrySize:543162368
15 silly packumentCache heap:4345298944 maxSize:1086324736 maxEntrySize:543162368
16 verbose cwd /Users/joelmartinez/Documents/SWE/PromptStrike/frontEndPrototype
17 verbose os Darwin 25.4.0
18 verbose node v22.14.0
19 verbose npm  v10.8.3
20 verbose exit 2
21 verbose code 2
